Using pre-set license
Built from '2020.2/staging' branch; Version is '2020.2.6f1 (8a2143876886) revision 9052483'; Using compiler version '192528614'; Build Type 'Release'
OS: 'Windows 10 Home; OS build 19045.2364; Version 2009; 64bit' Language: 'en' Physical Memory: 16343 MB
BatchMode: 1, IsHumanControllingUs: 0, StartBugReporterOnCrash: 0, Is64bit: 1, IsPro: 0

 COMMAND LINE ARGUMENTS:
C:\Program Files\Unity\Hub\Editor\2019.2.15f1\Editor\Unity.exe
-adb2
-batchMode
-noUpm
-name
AssetImportWorker0
-projectPath
C:/Users/Som/coding/Unity/Tabletop Card Game - Colyseus
-logFile
Logs/AssetImportWorker0.log
-srvPort
61643
Successfully changed project path to: C:/Users/Som/coding/Unity/Tabletop Card Game - Colyseus
C:/Users/Som/coding/Unity/Tabletop Card Game - Colyseus
Using Asset Import Pipeline V2.
Refreshing native plugins compatible for Editor in 35.70 ms, found 1 plugins.
Preloading 0 native plugins for Editor in 0.00 ms.
Initialize engine version: 2020.2.6f1 (8a2143876886)
[Subsystems] Discovering subsystems at path C:/Program Files/Unity/Hub/Editor/2019.2.15f1/Editor/Data/Resources/UnitySubsystems
[Subsystems] Discovering subsystems at path C:/Users/Som/coding/Unity/Tabletop Card Game - Colyseus/Assets
GfxDevice: creating device client; threaded=0
Direct3D:
    Version:  Direct3D 11.0 [level 11.1]
    Renderer: NVIDIA GeForce GTX 980 (ID=0x13c0)
    Vendor:   
    VRAM:     4053 MB
    Driver:   30.0.15.1295
Initialize mono
Mono path[0] = 'C:/Program Files/Unity/Hub/Editor/2019.2.15f1/Editor/Data/Managed'
Mono path[1] = 'C:/Program Files/Unity/Hub/Editor/2019.2.15f1/Editor/Data/MonoBleedingEdge/lib/mono/unityjit'
Mono config path = 'C:/Program Files/Unity/Hub/Editor/2019.2.15f1/Editor/Data/MonoBleedingEdge/etc'
Using monoOptions --debugger-agent=transport=dt_socket,embedding=1,server=y,suspend=n,address=127.0.0.1:56932
Begin MonoManager ReloadAssembly
Registering precompiled unity dll's ...
Register platform support module: C:/Program Files/Unity/Hub/Editor/2019.2.15f1/Editor/Data/PlaybackEngines/WebGLSupport/UnityEditor.WebGL.Extensions.dll
Register platform support module: C:/Program Files/Unity/Hub/Editor/2019.2.15f1/Editor/Data/PlaybackEngines/WindowsStandaloneSupport/UnityEditor.WindowsStandalone.Extensions.dll
Registered in 0.002728 seconds.
Native extension for WindowsStandalone target not found
Native extension for WebGL target not found
Refreshing native plugins compatible for Editor in 33.23 ms, found 1 plugins.
Preloading 0 native plugins for Editor in 0.00 ms.
Invoked RoslynAnalysisRunner static constructor.
RoslynAnalysisRunner will not be running.
RoslynAnalysisRunner has terminated.
Mono: successfully reloaded assembly
- Completed reload, in  1.086 seconds
Platform modules already initialized, skipping
Registering precompiled user dll's ...
Registered in 0.001691 seconds.
Begin MonoManager ReloadAssembly
Native extension for WindowsStandalone target not found
Native extension for WebGL target not found
Refreshing native plugins compatible for Editor in 32.71 ms, found 1 plugins.
Preloading 0 native plugins for Editor in 0.00 ms.
Invoked RoslynAnalysisRunner static constructor.
RoslynAnalysisRunner will not be running.
RoslynAnalysisRunner has terminated.
Mono: successfully reloaded assembly
- Completed reload, in  0.847 seconds
Platform modules already initialized, skipping
========================================================================
Worker process is ready to serve import requests
Launched and connected shader compiler UnityShaderCompiler.exe after 0.05 seconds
Refreshing native plugins compatible for Editor in 0.33 ms, found 1 plugins.
Preloading 0 native plugins for Editor in 0.00 ms.
Unloading 1942 Unused Serialized files (Serialized files now loaded: 0)
System memory in use before: 88.3 MB.
System memory in use after: 88.2 MB.

Unloading 26 unused Assets to reduce memory usage. Loaded Objects now: 2384.
Total: 1.908600 ms (FindLiveObjects: 0.229900 ms CreateObjectMapping: 0.095000 ms MarkObjects: 1.472700 ms  DeleteObjects: 0.110000 ms)

========================================================================
Received Import Request.
  path: Assets/Scripts/DrawCards.cs
  artifactKey: Guid(5131de129ac8255409563c64d7902b10) Importer(815301076,1909f56bfc062723c751e8b465ee728b)
Start importing Assets/Scripts/DrawCards.cs using Guid(5131de129ac8255409563c64d7902b10) Importer(815301076,1909f56bfc062723c751e8b465ee728b)  -> (artifact id: 'c2025b70e3160da34269047f5b47864b') in 0.051298 seconds
  Import took 0.057231 seconds .

========================================================================
Received Import Request.
  Time since last request: 11.106090 seconds.
  path: Assets/Scripts/NetworkManager.cs
  artifactKey: Guid(fd9d09ad2f0a6044cb400adc4bac57cb) Importer(815301076,1909f56bfc062723c751e8b465ee728b)
Start importing Assets/Scripts/NetworkManager.cs using Guid(fd9d09ad2f0a6044cb400adc4bac57cb) Importer(815301076,1909f56bfc062723c751e8b465ee728b)  -> (artifact id: '865287b7d9f9f0f2c9e4ba2a27533ace') in 0.007521 seconds
  Import took 0.011354 seconds .

========================================================================
Received Import Request.
  Time since last request: 0.001494 seconds.
  path: Assets/Scripts/NetworkManager.cs
  artifactKey: Guid(fd9d09ad2f0a6044cb400adc4bac57cb) Importer(815301076,1909f56bfc062723c751e8b465ee728b)
Start importing Assets/Scripts/NetworkManager.cs using Guid(fd9d09ad2f0a6044cb400adc4bac57cb) Importer(815301076,1909f56bfc062723c751e8b465ee728b)  -> (artifact id: '865287b7d9f9f0f2c9e4ba2a27533ace') in 0.002585 seconds
  Import took 0.006723 seconds .

AssetImportWorkerClient::OnTransportError - code=2 error=End of file
